2018-03-22T10:05:32.017Z - normal: Load ~/.CocosCreator/settings.json
2018-03-22T10:05:32.021Z - normal: checking language setting...
2018-03-22T10:05:32.021Z - normal: Language: zh
2018-03-22T10:05:32.923Z - success: protocol editor-framework registered
2018-03-22T10:05:32.923Z - success: protocol app registered
2018-03-22T10:05:32.923Z - success: protocol theme registered
2018-03-22T10:05:32.923Z - success: protocol packages registered
2018-03-22T10:05:32.923Z - success: protocol unpack registerred
2018-03-22T10:05:32.923Z - success: protocol disable-commonjs registerred
2018-03-22T10:05:33.554Z - normal: connected!
2018-03-22T10:05:33.556Z - normal: Check project /Users/wangqiyuan/Documents/git/bomb
2018-03-22T10:05:33.557Z - normal: Initializing Cocos2d
2018-03-22T10:05:33.799Z - normal: Initializing Asset Database
2018-03-22T10:05:33.835Z - success: protocol uuid registerred
2018-03-22T10:05:33.835Z - success: protocol db registerred
2018-03-22T10:05:33.835Z - success: protocol thumbnail registerred
2018-03-22T10:05:33.836Z - normal: Loading editor/builtin packages
2018-03-22T10:05:33.855Z - success: anysdk loaded
2018-03-22T10:05:33.975Z - success: assets loaded
2018-03-22T10:05:33.980Z - success: builder loaded
2018-03-22T10:05:33.982Z - success: cocos-analytics loaded
2018-03-22T10:05:33.986Z - success: console loaded
2018-03-22T10:05:34.022Z - success: fb-instant-games loaded
2018-03-22T10:05:34.026Z - success: hierarchy loaded
2018-03-22T10:05:34.031Z - success: inspector loaded
2018-03-22T10:05:34.033Z - success: keystore loaded
2018-03-22T10:05:34.042Z - success: node-library loaded
2018-03-22T10:05:34.044Z - success: package-asset loaded
2018-03-22T10:05:34.046Z - success: preferences loaded
2018-03-22T10:05:34.049Z - success: project-exporter loaded
2018-03-22T10:05:34.066Z - success: project-importer loaded
2018-03-22T10:05:34.069Z - success: project-settings loaded
2018-03-22T10:05:34.073Z - success: ui-kit loaded
2018-03-22T10:05:34.078Z - success: ui-grid loaded
2018-03-22T10:05:34.082Z - success: scene loaded
2018-03-22T10:05:34.084Z - success: sprite-editor loaded
2018-03-22T10:05:34.088Z - success: store loaded
2018-03-22T10:05:34.094Z - success: timeline loaded
2018-03-22T10:05:34.094Z - normal: Loading builtin packages
2018-03-22T10:05:34.099Z - success: asset-db-debugger loaded
2018-03-22T10:05:34.100Z - success: color-picker loaded
2018-03-22T10:05:34.104Z - success: package-manager loaded
2018-03-22T10:05:34.109Z - success: sdkbox loaded
2018-03-22T10:05:34.116Z - success: tester loaded
2018-03-22T10:05:34.120Z - success: ui-kit-preview-extra loaded
2018-03-22T10:05:34.125Z - success: ui-kit-preview loaded
2018-03-22T10:05:34.128Z - success: ui-tree loaded
2018-03-22T10:05:35.147Z - normal: Initializing project /Users/wangqiyuan/Documents/git/bomb
2018-03-22T10:05:35.149Z - normal: Loading packages
2018-03-22T10:05:35.154Z - normal: Watching packages
2018-03-22T10:05:35.166Z - normal: Run Application
2018-03-22T10:05:35.724Z - success: preview server running at http://localhost:7457
2018-03-22T10:05:41.267Z - normal: 1.9.0
2018-03-22T10:05:42.148Z - warn: Please specifiy a default value for "map" property at its declaration: 😂
    // Before:
    @property(...)
    value;

    // After:
    @property(...)
    value = 0;
2018-03-22T10:05:42.151Z - warn: Please specifiy a default value for "hideLayer" property at its declaration: 😂
    // Before:
    @property(...)
    value;

    // After:
    @property(...)
    value = 0;
2018-03-22T10:05:42.154Z - warn: Please specifiy a default value for "mainLayer" property at its declaration: 😂
    // Before:
    @property(...)
    value;

    // After:
    @property(...)
    value = 0;
2018-03-23T01:11:49.688Z - success: API data generated and copied to /Users/wangqiyuan/Documents/git/bomb/creator.d.ts
2018-03-23T01:11:53.251Z - success: VS Code extension installed to /Users/wangqiyuan/.vscode/extensions
2018-03-23T01:11:57.581Z - success: TypeScript Configuration file has been copied to /Users/wangqiyuan/Documents/git/bomb/tsconfig.json
2018-03-23T01:12:00.846Z - success: Chrome debug setting has been updated to .vscode/launch.json, please install Debugger for Chrome VS Code extension to debug your project.
2018-03-23T01:12:04.749Z - success: Compiling task has been added to .vscode/tasks.json, please run "compile" task in VS Code to trigger compile in Cocos Creator.
2018-03-23T01:21:37.514Z - warn: Error: ipc timeout. message: scene:query-node, session: scene@renderer:106896
2018-03-23T01:25:03.696Z - warn: Please specifiy a default value for "map" property at its declaration: 😂
    // Before:
    @property(...)
    value;

    // After:
    @property(...)
    value = 0;
2018-03-23T01:25:03.698Z - warn: Please specifiy a default value for "hideLayer" property at its declaration: 😂
    // Before:
    @property(...)
    value;

    // After:
    @property(...)
    value = 0;
2018-03-23T01:25:03.698Z - warn: Please specifiy a default value for "mainLayer" property at its declaration: 😂
    // Before:
    @property(...)
    value;

    // After:
    @property(...)
    value = 0;
2018-03-23T01:25:07.215Z - warn: Please specifiy a default value for "map" property at its declaration: 😂
    // Before:
    @property(...)
    value;

    // After:
    @property(...)
    value = 0;
2018-03-23T01:25:07.217Z - warn: Please specifiy a default value for "hideLayer" property at its declaration: 😂
    // Before:
    @property(...)
    value;

    // After:
    @property(...)
    value = 0;
2018-03-23T01:25:07.218Z - warn: Please specifiy a default value for "mainLayer" property at its declaration: 😂
    // Before:
    @property(...)
    value;

    // After:
    @property(...)
    value = 0;
2018-03-23T01:25:29.784Z - warn: Please specifiy a default value for "map" property at its declaration: 😂
    // Before:
    @property(...)
    value;

    // After:
    @property(...)
    value = 0;
2018-03-23T01:25:29.785Z - warn: Please specifiy a default value for "hideLayer" property at its declaration: 😂
    // Before:
    @property(...)
    value;

    // After:
    @property(...)
    value = 0;
2018-03-23T01:25:29.785Z - warn: Please specifiy a default value for "mainLayer" property at its declaration: 😂
    // Before:
    @property(...)
    value;

    // After:
    @property(...)
    value = 0;
2018-03-23T01:28:15.709Z - warn: Please specifiy a default value for "map" property at its declaration: 😂
    // Before:
    @property(...)
    value;

    // After:
    @property(...)
    value = 0;
2018-03-23T01:28:15.711Z - warn: Please specifiy a default value for "hideLayer" property at its declaration: 😂
    // Before:
    @property(...)
    value;

    // After:
    @property(...)
    value = 0;
2018-03-23T01:28:15.713Z - warn: Please specifiy a default value for "mainLayer" property at its declaration: 😂
    // Before:
    @property(...)
    value;

    // After:
    @property(...)
    value = 0;
2018-03-23T02:06:59.384Z - warn: Error: ipc timeout. message: scene:query-node, session: scene@renderer:116664
2018-03-23T02:06:59.402Z - warn: Error: ipc timeout. message: scene:query-node, session: scene@renderer:116668
2018-03-23T02:08:36.531Z - warn: Error: ipc timeout. message: scene:query-node, session: scene@renderer:118646
2018-03-23T02:08:36.537Z - warn: Error: ipc timeout. message: scene:query-node, session: scene@renderer:118650
2018-03-23T02:15:22.786Z - normal: Introduced global variable while editing: i
2018-03-23T02:15:22.790Z - normal: Introduced global variable while editing: l
2018-03-23T02:15:22.871Z - warn: Please specifiy a default value for "map" property at its declaration: 😂
    // Before:
    @property(...)
    value;

    // After:
    @property(...)
    value = 0;
2018-03-23T02:15:22.872Z - warn: Please specifiy a default value for "hideLayer" property at its declaration: 😂
    // Before:
    @property(...)
    value;

    // After:
    @property(...)
    value = 0;
2018-03-23T02:15:22.873Z - warn: Please specifiy a default value for "mainLayer" property at its declaration: 😂
    // Before:
    @property(...)
    value;

    // After:
    @property(...)
    value = 0;
2018-03-23T02:32:13.764Z - warn: Please specifiy a default value for "map" property at its declaration: 😂
    // Before:
    @property(...)
    value;

    // After:
    @property(...)
    value = 0;
2018-03-23T02:32:13.766Z - warn: Please specifiy a default value for "hideLayer" property at its declaration: 😂
    // Before:
    @property(...)
    value;

    // After:
    @property(...)
    value = 0;
2018-03-23T02:32:13.767Z - warn: Please specifiy a default value for "mainLayer" property at its declaration: 😂
    // Before:
    @property(...)
    value;

    // After:
    @property(...)
    value = 0;
2018-03-23T02:32:52.766Z - warn: Please specifiy a default value for "map" property at its declaration: 😂
    // Before:
    @property(...)
    value;

    // After:
    @property(...)
    value = 0;
2018-03-23T02:32:52.766Z - warn: Please specifiy a default value for "hideLayer" property at its declaration: 😂
    // Before:
    @property(...)
    value;

    // After:
    @property(...)
    value = 0;
2018-03-23T02:32:52.767Z - warn: Please specifiy a default value for "mainLayer" property at its declaration: 😂
    // Before:
    @property(...)
    value;

    // After:
    @property(...)
    value = 0;
2018-03-23T02:34:02.270Z - warn: Please specifiy a default value for "map" property at its declaration: 😂
    // Before:
    @property(...)
    value;

    // After:
    @property(...)
    value = 0;
2018-03-23T02:34:02.273Z - warn: Please specifiy a default value for "hideLayer" property at its declaration: 😂
    // Before:
    @property(...)
    value;

    // After:
    @property(...)
    value = 0;
2018-03-23T02:34:02.274Z - warn: Please specifiy a default value for "mainLayer" property at its declaration: 😂
    // Before:
    @property(...)
    value;

    // After:
    @property(...)
    value = 0;
2018-03-23T02:38:15.594Z - normal: Introduced global variable while editing: i
2018-03-23T02:38:15.595Z - normal: Introduced global variable while editing: l
2018-03-23T02:38:15.627Z - warn: Please specifiy a default value for "map" property at its declaration: 😂
    // Before:
    @property(...)
    value;

    // After:
    @property(...)
    value = 0;
2018-03-23T02:38:15.627Z - warn: Please specifiy a default value for "hideLayer" property at its declaration: 😂
    // Before:
    @property(...)
    value;

    // After:
    @property(...)
    value = 0;
2018-03-23T02:38:15.628Z - warn: Please specifiy a default value for "mainLayer" property at its declaration: 😂
    // Before:
    @property(...)
    value;

    // After:
    @property(...)
    value = 0;
2018-03-23T02:54:45.383Z - normal: Introduced global variable while editing: i
2018-03-23T02:54:45.385Z - normal: Introduced global variable while editing: l
2018-03-23T02:54:45.423Z - warn: Please specifiy a default value for "map" property at its declaration: 😂
    // Before:
    @property(...)
    value;

    // After:
    @property(...)
    value = 0;
2018-03-23T02:54:45.425Z - warn: Please specifiy a default value for "hideLayer" property at its declaration: 😂
    // Before:
    @property(...)
    value;

    // After:
    @property(...)
    value = 0;
2018-03-23T02:54:45.426Z - warn: Please specifiy a default value for "mainLayer" property at its declaration: 😂
    // Before:
    @property(...)
    value;

    // After:
    @property(...)
    value = 0;
2018-03-23T03:50:17.384Z - warn: Please specifiy a default value for "map" property at its declaration: 😂
    // Before:
    @property(...)
    value;

    // After:
    @property(...)
    value = 0;
2018-03-23T03:50:17.387Z - warn: Please specifiy a default value for "hideLayer" property at its declaration: 😂
    // Before:
    @property(...)
    value;

    // After:
    @property(...)
    value = 0;
2018-03-23T03:50:17.387Z - warn: Please specifiy a default value for "mainLayer" property at its declaration: 😂
    // Before:
    @property(...)
    value;

    // After:
    @property(...)
    value = 0;
2018-03-23T03:50:17.388Z - warn: Please specifiy a default value for "speed" property at its declaration: 😂
    // Before:
    @property(...)
    value;

    // After:
    @property(...)
    value = 0;
2018-03-23T03:50:17.388Z - warn: Please specifiy a default value for "duration" property at its declaration: 😂
    // Before:
    @property(...)
    value;

    // After:
    @property(...)
    value = 0;
2018-03-23T03:50:46.939Z - warn: Please specifiy a default value for "map" property at its declaration: 😂
    // Before:
    @property(...)
    value;

    // After:
    @property(...)
    value = 0;
2018-03-23T03:50:46.940Z - warn: Please specifiy a default value for "hideLayer" property at its declaration: 😂
    // Before:
    @property(...)
    value;

    // After:
    @property(...)
    value = 0;
2018-03-23T03:50:46.940Z - warn: Please specifiy a default value for "mainLayer" property at its declaration: 😂
    // Before:
    @property(...)
    value;

    // After:
    @property(...)
    value = 0;
2018-03-23T03:50:46.941Z - warn: Please specifiy a default value for "speed" property at its declaration: 😂
    // Before:
    @property(...)
    value;

    // After:
    @property(...)
    value = 0;
2018-03-23T03:50:46.942Z - warn: Please specifiy a default value for "duration" property at its declaration: 😂
    // Before:
    @property(...)
    value;

    // After:
    @property(...)
    value = 0;
2018-03-23T03:51:54.978Z - warn: Please specifiy a default value for "map" property at its declaration: 😂
    // Before:
    @property(...)
    value;

    // After:
    @property(...)
    value = 0;
2018-03-23T03:51:54.982Z - warn: Please specifiy a default value for "hideLayer" property at its declaration: 😂
    // Before:
    @property(...)
    value;

    // After:
    @property(...)
    value = 0;
2018-03-23T03:51:54.983Z - warn: Please specifiy a default value for "mainLayer" property at its declaration: 😂
    // Before:
    @property(...)
    value;

    // After:
    @property(...)
    value = 0;
2018-03-23T03:54:18.746Z - warn: Please specifiy a default value for "map" property at its declaration: 😂
    // Before:
    @property(...)
    value;

    // After:
    @property(...)
    value = 0;
2018-03-23T03:54:18.748Z - warn: Please specifiy a default value for "hideLayer" property at its declaration: 😂
    // Before:
    @property(...)
    value;

    // After:
    @property(...)
    value = 0;
2018-03-23T03:54:18.749Z - warn: Please specifiy a default value for "mainLayer" property at its declaration: 😂
    // Before:
    @property(...)
    value;

    // After:
    @property(...)
    value = 0;
2018-03-23T04:09:05.785Z - warn: Please specifiy a default value for "map" property at its declaration: 😂
    // Before:
    @property(...)
    value;

    // After:
    @property(...)
    value = 0;
2018-03-23T04:09:05.786Z - warn: Please specifiy a default value for "hideLayer" property at its declaration: 😂
    // Before:
    @property(...)
    value;

    // After:
    @property(...)
    value = 0;
2018-03-23T04:09:05.787Z - warn: Please specifiy a default value for "mainLayer" property at its declaration: 😂
    // Before:
    @property(...)
    value;

    // After:
    @property(...)
    value = 0;
2018-03-23T04:09:38.838Z - warn: Please specifiy a default value for "map" property at its declaration: 😂
    // Before:
    @property(...)
    value;

    // After:
    @property(...)
    value = 0;
2018-03-23T04:09:38.839Z - warn: Please specifiy a default value for "hideLayer" property at its declaration: 😂
    // Before:
    @property(...)
    value;

    // After:
    @property(...)
    value = 0;
2018-03-23T04:09:38.839Z - warn: Please specifiy a default value for "mainLayer" property at its declaration: 😂
    // Before:
    @property(...)
    value;

    // After:
    @property(...)
    value = 0;
2018-03-23T04:10:04.902Z - warn: Please specifiy a default value for "map" property at its declaration: 😂
    // Before:
    @property(...)
    value;

    // After:
    @property(...)
    value = 0;
2018-03-23T04:10:04.903Z - warn: Please specifiy a default value for "hideLayer" property at its declaration: 😂
    // Before:
    @property(...)
    value;

    // After:
    @property(...)
    value = 0;
2018-03-23T04:10:04.903Z - warn: Please specifiy a default value for "mainLayer" property at its declaration: 😂
    // Before:
    @property(...)
    value;

    // After:
    @property(...)
    value = 0;
2018-03-23T04:13:10.022Z - warn: Please specifiy a default value for "map" property at its declaration: 😂
    // Before:
    @property(...)
    value;

    // After:
    @property(...)
    value = 0;
2018-03-23T04:13:10.027Z - warn: Please specifiy a default value for "hideLayer" property at its declaration: 😂
    // Before:
    @property(...)
    value;

    // After:
    @property(...)
    value = 0;
2018-03-23T04:13:10.027Z - warn: Please specifiy a default value for "mainLayer" property at its declaration: 😂
    // Before:
    @property(...)
    value;

    // After:
    @property(...)
    value = 0;
2018-03-23T04:13:13.407Z - warn: Can not select this node in Animation Edit Mode
2018-03-23T04:19:24.601Z - warn: Please specifiy a default value for "map" property at its declaration: 😂
    // Before:
    @property(...)
    value;

    // After:
    @property(...)
    value = 0;
2018-03-23T04:19:24.604Z - warn: Please specifiy a default value for "hideLayer" property at its declaration: 😂
    // Before:
    @property(...)
    value;

    // After:
    @property(...)
    value = 0;
2018-03-23T04:19:24.605Z - warn: Please specifiy a default value for "mainLayer" property at its declaration: 😂
    // Before:
    @property(...)
    value;

    // After:
    @property(...)
    value = 0;
2018-03-23T04:20:23.134Z - warn: Please specifiy a default value for "map" property at its declaration: 😂
    // Before:
    @property(...)
    value;

    // After:
    @property(...)
    value = 0;
2018-03-23T04:20:23.135Z - warn: Please specifiy a default value for "hideLayer" property at its declaration: 😂
    // Before:
    @property(...)
    value;

    // After:
    @property(...)
    value = 0;
2018-03-23T04:20:23.136Z - warn: Please specifiy a default value for "mainLayer" property at its declaration: 😂
    // Before:
    @property(...)
    value;

    // After:
    @property(...)
    value = 0;
2018-03-23T04:28:26.073Z - warn: Please specifiy a default value for "map" property at its declaration: 😂
    // Before:
    @property(...)
    value;

    // After:
    @property(...)
    value = 0;
2018-03-23T04:28:26.079Z - warn: Please specifiy a default value for "hideLayer" property at its declaration: 😂
    // Before:
    @property(...)
    value;

    // After:
    @property(...)
    value = 0;
2018-03-23T04:28:26.080Z - warn: Please specifiy a default value for "mainLayer" property at its declaration: 😂
    // Before:
    @property(...)
    value;

    // After:
    @property(...)
    value = 0;
2018-03-23T04:29:45.393Z - warn: Please specifiy a default value for "map" property at its declaration: 😂
    // Before:
    @property(...)
    value;

    // After:
    @property(...)
    value = 0;
2018-03-23T04:29:45.397Z - warn: Please specifiy a default value for "hideLayer" property at its declaration: 😂
    // Before:
    @property(...)
    value;

    // After:
    @property(...)
    value = 0;
2018-03-23T04:29:45.398Z - warn: Please specifiy a default value for "mainLayer" property at its declaration: 😂
    // Before:
    @property(...)
    value;

    // After:
    @property(...)
    value = 0;
2018-03-23T04:30:21.611Z - warn: Please specifiy a default value for "map" property at its declaration: 😂
    // Before:
    @property(...)
    value;

    // After:
    @property(...)
    value = 0;
2018-03-23T04:30:21.613Z - warn: Please specifiy a default value for "hideLayer" property at its declaration: 😂
    // Before:
    @property(...)
    value;

    // After:
    @property(...)
    value = 0;
2018-03-23T04:30:21.614Z - warn: Please specifiy a default value for "mainLayer" property at its declaration: 😂
    // Before:
    @property(...)
    value;

    // After:
    @property(...)
    value = 0;
2018-03-23T04:39:06.776Z - warn: Error: ipc timeout. message: scene:query-node, session: scene@renderer:189106
2018-03-23T04:42:13.907Z - error: SyntaxError: Assigning to rvalue (19:8) while parsing /Users/wangqiyuan/Documents/git/bomb/temp/quick-scripts/assets/Script/game.js while parsing file: /Users/wangqiyuan/Documents/git/bomb/temp/quick-scripts/assets/Script/game.js
    at DestroyableTransform.end [as _flush] (/Applications/CocosCreator.app/Contents/Resources/app.asar/node_modules/insert-module-globals/index.js:96:21)
    at DestroyableTransform.prefinish (/Applications/CocosCreator.app/Contents/Resources/app.asar/node_modules/readable-stream/lib/_stream_transform.js:138:10)
    at emitNone (events.js:86:13)
    at DestroyableTransform.emit (events.js:188:7)
    at prefinish (/Applications/CocosCreator.app/Contents/Resources/app.asar/node_modules/readable-stream/lib/_stream_writable.js:609:14)
    at finishMaybe (/Applications/CocosCreator.app/Contents/Resources/app.asar/node_modules/readable-stream/lib/_stream_writable.js:617:5)
    at endWritable (/Applications/CocosCreator.app/Contents/Resources/app.asar/node_modules/readable-stream/lib/_stream_writable.js:628:3)
    at DestroyableTransform.Writable.end (/Applications/CocosCreator.app/Contents/Resources/app.asar/node_modules/readable-stream/lib/_stream_writable.js:584:41)
    at DestroyableTransform.onend (/Applications/CocosCreator.app/Contents/Resources/app.asar/node_modules/readable-stream/lib/_stream_readable.js:577:10)
    at Object.onceWrapper (events.js:293:19)
    at process.on.t (/Applications/CocosCreator.app/Contents/Resources/app.asar/editor/core/editor-init.js:1:1068)
    at emitOne (events.js:101:20)
    at process.emit (events.js:191:7)
    at process._fatalException (bootstrap_node.js:308:26)
2018-03-23T08:50:02.094Z - error: TypeError: tex.setAliasTexParameters is not a function
    at /Applications/CocosCreator.app/Contents/Resources/engine/cocos2d/tilemap/CCSGTMXLayer.js:213:25
    at CCLoader.<anonymous> (/Applications/CocosCreator.app/Contents/Resources/engine/cocos2d/core/textures/CCTextureCache.js:346:37)
    at /Applications/CocosCreator.app/Contents/Resources/engine/cocos2d/core/load-pipeline/CCLoader.js:255:38
    at /Applications/CocosCreator.app/Contents/Resources/engine/cocos2d/core/platform/utils.js:67:21
    at _combinedTickCallback (internal/process/next_tick.js:73:7)
    at process._tickCallback (internal/process/next_tick.js:104:9)
2018-03-23T08:51:02.805Z - error: TypeError: tex.setAliasTexParameters is not a function
    at /Applications/CocosCreator.app/Contents/Resources/engine/cocos2d/tilemap/CCSGTMXLayer.js:213:25
    at CCLoader.<anonymous> (/Applications/CocosCreator.app/Contents/Resources/engine/cocos2d/core/textures/CCTextureCache.js:346:37)
    at /Applications/CocosCreator.app/Contents/Resources/engine/cocos2d/core/load-pipeline/CCLoader.js:255:38
    at /Applications/CocosCreator.app/Contents/Resources/engine/cocos2d/core/platform/utils.js:67:21
    at _combinedTickCallback (internal/process/next_tick.js:73:7)
    at process._tickCallback (internal/process/next_tick.js:104:9)
